
CH32V003.elf:     file format elf32-littleriscv
CH32V003.elf
architecture: riscv:rv32, flags 0x00000112:
EXEC_P, HAS_SYMS, D_PAGED
start address 0x00000000

Program Header:
    LOAD off    0x00001000 vaddr 0x00000000 paddr 0x00000000 align 2**12
         filesz 0x00000d54 memsz 0x00000d54 flags r-x
    LOAD off    0x00002000 vaddr 0x20000000 paddr 0x00000d54 align 2**12
         filesz 0x00000038 memsz 0x00000044 flags rw-
    LOAD off    0x00002700 vaddr 0x20000700 paddr 0x20000700 align 2**12
         filesz 0x00000000 memsz 0x00000100 flags rw-

Sections:
Idx Name          Size      VMA       LMA       File off  Algn
  0 .init         000000a0  00000000  00000000  00001000  2**2
                  CONTENTS, ALLOC, LOAD, READONLY, CODE
  1 .text         00000cb4  000000a0  000000a0  000010a0  2**2
                  CONTENTS, ALLOC, LOAD, READONLY, CODE
  2 .fini         00000000  00000d54  00000d54  00002038  2**0
                  CONTENTS, ALLOC, LOAD, CODE
  3 .dalign       00000000  20000000  20000000  00002038  2**0
                  CONTENTS
  4 .dlalign      00000000  00000d54  00000d54  00002038  2**0
                  CONTENTS
  5 .data         00000038  20000000  00000d54  00002000  2**2
                  CONTENTS, ALLOC, LOAD, DATA
  6 .bss          0000000c  20000038  00000d8c  00002038  2**2
                  ALLOC
  7 .stack        00000100  20000700  20000700  00002700  2**0
                  ALLOC
  8 .debug_info   00008038  00000000  00000000  00002038  2**0
                  CONTENTS, READONLY, DEBUGGING
  9 .debug_abbrev 00001a15  00000000  00000000  0000a070  2**0
                  CONTENTS, READONLY, DEBUGGING
 10 .debug_aranges 000003e0  00000000  00000000  0000ba88  2**3
                  CONTENTS, READONLY, DEBUGGING
 11 .debug_ranges 000003c8  00000000  00000000  0000be68  2**3
                  CONTENTS, READONLY, DEBUGGING
 12 .debug_line   00004e13  00000000  00000000  0000c230  2**0
                  CONTENTS, READONLY, DEBUGGING
 13 .debug_str    00001600  00000000  00000000  00011043  2**0
                  CONTENTS, READONLY, DEBUGGING
 14 .comment      00000033  00000000  00000000  00012643  2**0
                  CONTENTS, READONLY
 15 .debug_frame  00000790  00000000  00000000  00012678  2**2
                  CONTENTS, READONLY, DEBUGGING
 16 .debug_loc    00001586  00000000  00000000  00012e08  2**0
                  CONTENTS, READONLY, DEBUGGING
SYMBOL TABLE:
00000000 l    d  .init	00000000 .init
000000a0 l    d  .text	00000000 .text
00000d54 l    d  .fini	00000000 .fini
20000000 l    d  .dalign	00000000 .dalign
00000d54 l    d  .dlalign	00000000 .dlalign
20000000 l    d  .data	00000000 .data
20000038 l    d  .bss	00000000 .bss
20000700 l    d  .stack	00000000 .stack
00000000 l    d  .debug_info	00000000 .debug_info
00000000 l    d  .debug_abbrev	00000000 .debug_abbrev
00000000 l    d  .debug_aranges	00000000 .debug_aranges
00000000 l    d  .debug_ranges	00000000 .debug_ranges
00000000 l    d  .debug_line	00000000 .debug_line
00000000 l    d  .debug_str	00000000 .debug_str
00000000 l    d  .comment	00000000 .comment
00000000 l    d  .debug_frame	00000000 .debug_frame
00000000 l    d  .debug_loc	00000000 .debug_loc
00000000 l    df *ABS*	00000000 ch32v00x_it.c
00000000 l    df *ABS*	00000000 main.c
00000000 l    df *ABS*	00000000 system_ch32v00x.c
00000000 l    df *ABS*	00000000 ch32v00x_dbgmcu.c
00000000 l    df *ABS*	00000000 ch32v00x_gpio.c
00000000 l    df *ABS*	00000000 ch32v00x_misc.c
00000000 l    df *ABS*	00000000 ch32v00x_rcc.c
20000014 l     O .data	00000014 ADCPrescTable
20000028 l     O .data	00000010 APBAHBPrescTable
00000000 l    df *ABS*	00000000 ch32v00x_usart.c
00000000 l    df *ABS*	00000000 debug.c
20000040 l     O .bss	00000002 p_ms
20000042 l     O .bss	00000001 p_us
00000000 l    df *ABS*	00000000 wchprintf.c
000009b4  w    F .text	00000004 printDouble
000009b8  w    F .text	00000352 print
00000d0a  w    F .text	00000022 printf
20000838 g       .data	00000000 __global_pointer$
000003d2  w      .text	00000000 TIM1_CC_IRQHandler
00000134 g     F .text	00000002 HardFault_Handler
000008a2  w    F .text	0000010e printInt
000003d2  w      .text	00000000 SysTick_Handler
000003d2  w      .text	00000000 PVD_IRQHandler
00000132 g     F .text	00000002 NMI_Handler
0000045c g     F .text	0000000a DBGMCU_GetCHIPID
0000069e g     F .text	0000000a USART_GetFlagStatus
20000038 g       .bss	00000000 _sbss
00000100 g       *ABS*	00000000 __stack_size
000006d8 g     F .text	00000052 USART_Printf_Init
000000aa g     F .text	0000000a .hidden __riscv_restore_2
000009b0  w    F .text	00000004 printLongLongInt
20000010 g     O .data	00000004 SystemCoreClock
00000696 g     F .text	00000008 USART_ReceiveData
000000bc g     F .text	0000002c .hidden __udivsi3
000000a0 g       .init	00000000 _einit
0000059a g     F .text	0000001e RCC_APB2PeriphClockCmd
00000466 g     F .text	0000007c GPIO_Init
2000003c g     O .bss	00000004 NVIC_Priority_Group
000003d2  w      .text	00000000 SPI1_IRQHandler
00000678 g     F .text	00000016 USART_Cmd
000000a0 g     F .text	0000000a .hidden __riscv_save_1
000000aa g     F .text	0000000a .hidden __riscv_restore_0
000003d2  w      .text	00000000 AWU_IRQHandler
000003d2  w      .text	00000000 EXTI7_0_IRQHandler
20000700 g       .stack	00000000 _heap_end
000003d2  w      .text	00000000 DMA1_Channel4_IRQHandler
000003d2  w      .text	00000000 ADC1_IRQHandler
20000044 g       .bss	00000000 _ebss
000003d2  w      .text	00000000 DMA1_Channel7_IRQHandler
000006a8 g     F .text	00000030 Delay_Init
000000e8 g     F .text	00000008 .hidden __umodsi3
000003d2  w      .text	00000000 I2C1_EV_IRQHandler
000004fe g     F .text	0000009c RCC_GetClocksFreq
000003d2  w      .text	00000000 DMA1_Channel6_IRQHandler
000005b8 g     F .text	000000c0 USART_Init
20000038 g     O .bss	00000001 val
000003d2  w      .text	00000000 RCC_IRQHandler
000003d2  w      .text	00000000 TIM1_TRG_COM_IRQHandler
000003d2  w      .text	00000000 DMA1_Channel1_IRQHandler
00000000 g       .init	00000000 _start
20000000 g     O .data	00000010 AHBPrescTable
000007bc  w    F .text	000000e6 prints
20000000 g       .dalign	00000000 _data_vma
00000136 g     F .text	00000076 USARTx_CFG
000004ec g     F .text	00000012 RCC_AdjustHSICalibrationValue
000001ac g     F .text	0000008c main
000003d2  w      .text	00000000 DMA1_Channel5_IRQHandler
000000b4 g     F .text	00000058 .hidden __divsi3
00000238 g     F .text	00000132 SystemInit
00000774  w    F .text	00000048 printchar
00000000 g       .init	00000000 _sinit
000003d2  w      .text	00000000 DMA1_Channel3_IRQHandler
000003d2  w      .text	00000000 TIM1_UP_IRQHandler
000003d2  w      .text	00000000 WWDG_IRQHandler
000003d2  w      .text	00000000 TIM2_IRQHandler
20000800 g       .stack	00000000 _eusrstack
000000a0 g     F .text	0000000a .hidden __riscv_save_2
000003d2  w      .text	00000000 SW_Handler
000003d2  w      .text	00000000 TIM1_BRK_IRQHandler
0000068e g     F .text	00000008 USART_SendData
0000072a g     F .text	0000004a _write
20000038 g       .data	00000000 _edata
20000044 g       .bss	00000000 _end
00000d54 g       .dlalign	00000000 _data_lma
0000036a g     F .text	00000068 SystemCoreClockUpdate
0000010c g     F .text	00000024 .hidden __modsi3
000003d2  w      .text	00000000 DMA1_Channel2_IRQHandler
000003d4  w      .text	00000000 handle_reset
000000a0 g     F .text	0000000a .hidden __riscv_save_0
000003d2  w      .text	00000000 FLASH_IRQHandler
000003d2  w      .text	00000000 USART1_IRQHandler
000003d2  w      .text	00000000 I2C1_ER_IRQHandler
000004e2 g     F .text	0000000a NVIC_PriorityGroupConfig
000000aa g     F .text	0000000a .hidden __riscv_restore_1



Disassembly of section .init:

00000000 <_sinit>:
   0:	3d40006f          	j	3d4 <handle_reset>
   4:	0000                	unimp
   6:	0000                	unimp
   8:	0132                	slli	sp,sp,0xc
   a:	0000                	unimp
   c:	0134                	addi	a3,sp,136
	...
  2e:	0000                	unimp
  30:	03d2                	slli	t2,t2,0x14
  32:	0000                	unimp
  34:	0000                	unimp
  36:	0000                	unimp
  38:	03d2                	slli	t2,t2,0x14
  3a:	0000                	unimp
  3c:	0000                	unimp
  3e:	0000                	unimp
  40:	03d2                	slli	t2,t2,0x14
  42:	0000                	unimp
  44:	03d2                	slli	t2,t2,0x14
  46:	0000                	unimp
  48:	03d2                	slli	t2,t2,0x14
  4a:	0000                	unimp
  4c:	03d2                	slli	t2,t2,0x14
  4e:	0000                	unimp
  50:	03d2                	slli	t2,t2,0x14
  52:	0000                	unimp
  54:	03d2                	slli	t2,t2,0x14
  56:	0000                	unimp
  58:	03d2                	slli	t2,t2,0x14
  5a:	0000                	unimp
  5c:	03d2                	slli	t2,t2,0x14
  5e:	0000                	unimp
  60:	03d2                	slli	t2,t2,0x14
  62:	0000                	unimp
  64:	03d2                	slli	t2,t2,0x14
  66:	0000                	unimp
  68:	03d2                	slli	t2,t2,0x14
  6a:	0000                	unimp
  6c:	03d2                	slli	t2,t2,0x14
  6e:	0000                	unimp
  70:	03d2                	slli	t2,t2,0x14
  72:	0000                	unimp
  74:	03d2                	slli	t2,t2,0x14
  76:	0000                	unimp
  78:	03d2                	slli	t2,t2,0x14
  7a:	0000                	unimp
  7c:	03d2                	slli	t2,t2,0x14
  7e:	0000                	unimp
  80:	03d2                	slli	t2,t2,0x14
  82:	0000                	unimp
  84:	03d2                	slli	t2,t2,0x14
  86:	0000                	unimp
  88:	03d2                	slli	t2,t2,0x14
  8a:	0000                	unimp
  8c:	03d2                	slli	t2,t2,0x14
  8e:	0000                	unimp
  90:	03d2                	slli	t2,t2,0x14
  92:	0000                	unimp
  94:	03d2                	slli	t2,t2,0x14
  96:	0000                	unimp
  98:	03d2                	slli	t2,t2,0x14
  9a:	0000                	unimp
  9c:	0000                	unimp
	...

Disassembly of section .text:

000000a0 <__riscv_save_0>:
  a0:	1151                	addi	sp,sp,-12
  a2:	c026                	sw	s1,0(sp)
  a4:	c222                	sw	s0,4(sp)
  a6:	c406                	sw	ra,8(sp)
  a8:	8282                	jr	t0

000000aa <__riscv_restore_0>:
  aa:	4482                	lw	s1,0(sp)
  ac:	4412                	lw	s0,4(sp)
  ae:	40a2                	lw	ra,8(sp)
  b0:	0131                	addi	sp,sp,12
  b2:	8082                	ret

000000b4 <__divsi3>:
  b4:	02054e63          	bltz	a0,f0 <__umodsi3+0x8>
  b8:	0405c363          	bltz	a1,fe <__umodsi3+0x16>

000000bc <__udivsi3>:
  bc:	862e                	mv	a2,a1
  be:	85aa                	mv	a1,a0
  c0:	557d                	li	a0,-1
  c2:	c215                	beqz	a2,e6 <__udivsi3+0x2a>
  c4:	4685                	li	a3,1
  c6:	00b67863          	bgeu	a2,a1,d6 <__udivsi3+0x1a>
  ca:	00c05663          	blez	a2,d6 <__udivsi3+0x1a>
  ce:	0606                	slli	a2,a2,0x1
  d0:	0686                	slli	a3,a3,0x1
  d2:	feb66ce3          	bltu	a2,a1,ca <__udivsi3+0xe>
  d6:	4501                	li	a0,0
  d8:	00c5e463          	bltu	a1,a2,e0 <__udivsi3+0x24>
  dc:	8d91                	sub	a1,a1,a2
  de:	8d55                	or	a0,a0,a3
  e0:	8285                	srli	a3,a3,0x1
  e2:	8205                	srli	a2,a2,0x1
  e4:	faf5                	bnez	a3,d8 <__udivsi3+0x1c>
  e6:	8082                	ret

000000e8 <__umodsi3>:
  e8:	8286                	mv	t0,ra
  ea:	3fc9                	jal	bc <__udivsi3>
  ec:	852e                	mv	a0,a1
  ee:	8282                	jr	t0
  f0:	40a00533          	neg	a0,a0
  f4:	0005d763          	bgez	a1,102 <__stack_size+0x2>
  f8:	40b005b3          	neg	a1,a1
  fc:	b7c1                	j	bc <__udivsi3>
  fe:	40b005b3          	neg	a1,a1
 102:	8286                	mv	t0,ra
 104:	3f65                	jal	bc <__udivsi3>
 106:	40a00533          	neg	a0,a0
 10a:	8282                	jr	t0

0000010c <__modsi3>:
 10c:	8286                	mv	t0,ra
 10e:	0005c763          	bltz	a1,11c <__modsi3+0x10>
 112:	00054963          	bltz	a0,124 <__modsi3+0x18>
 116:	375d                	jal	bc <__udivsi3>
 118:	852e                	mv	a0,a1
 11a:	8282                	jr	t0
 11c:	40b005b3          	neg	a1,a1
 120:	fe055be3          	bgez	a0,116 <__modsi3+0xa>
 124:	40a00533          	neg	a0,a0
 128:	3f51                	jal	bc <__udivsi3>
 12a:	40b00533          	neg	a0,a1
 12e:	8282                	jr	t0
	...

00000132 <NMI_Handler>:
 132:	a001                	j	132 <NMI_Handler>

00000134 <HardFault_Handler>:
 134:	a001                	j	134 <HardFault_Handler>

00000136 <USARTx_CFG>:
 136:	f6bff2ef          	jal	t0,a0 <__riscv_save_0>
 13a:	6511                	lui	a0,0x4
 13c:	1111                	addi	sp,sp,-28
 13e:	4585                	li	a1,1
 140:	02050513          	addi	a0,a0,32 # 4020 <_data_lma+0x32cc>
 144:	c002                	sw	zero,0(sp)
 146:	c202                	sw	zero,4(sp)
 148:	c402                	sw	zero,8(sp)
 14a:	c602                	sw	zero,12(sp)
 14c:	c802                	sw	zero,16(sp)
 14e:	ca02                	sw	zero,20(sp)
 150:	cc02                	sw	zero,24(sp)
 152:	21a1                	jal	59a <RCC_APB2PeriphClockCmd>
 154:	02000793          	li	a5,32
 158:	807c                	sh	a5,0(sp)
 15a:	40011437          	lui	s0,0x40011
 15e:	478d                	li	a5,3
 160:	c23e                	sw	a5,4(sp)
 162:	858a                	mv	a1,sp
 164:	47e1                	li	a5,24
 166:	40040513          	addi	a0,s0,1024 # 40011400 <__global_pointer$+0x20010bc8>
 16a:	c43e                	sw	a5,8(sp)
 16c:	2ced                	jal	466 <GPIO_Init>
 16e:	04000793          	li	a5,64
 172:	807c                	sh	a5,0(sp)
 174:	858a                	mv	a1,sp
 176:	4791                	li	a5,4
 178:	40040513          	addi	a0,s0,1024
 17c:	c43e                	sw	a5,8(sp)
 17e:	24e5                	jal	466 <GPIO_Init>
 180:	67f1                	lui	a5,0x1c
 182:	40014437          	lui	s0,0x40014
 186:	20078793          	addi	a5,a5,512 # 1c200 <_data_lma+0x1b4ac>
 18a:	c63e                	sw	a5,12(sp)
 18c:	006c                	addi	a1,sp,12
 18e:	000c07b7          	lui	a5,0xc0
 192:	80040513          	addi	a0,s0,-2048 # 40013800 <__global_pointer$+0x20012fc8>
 196:	ca3e                	sw	a5,20(sp)
 198:	c802                	sw	zero,16(sp)
 19a:	00011c23          	sh	zero,24(sp)
 19e:	2929                	jal	5b8 <USART_Init>
 1a0:	4585                	li	a1,1
 1a2:	80040513          	addi	a0,s0,-2048
 1a6:	29c9                	jal	678 <USART_Cmd>
 1a8:	0171                	addi	sp,sp,28
 1aa:	b701                	j	aa <__riscv_restore_0>

000001ac <main>:
 1ac:	ef5ff2ef          	jal	t0,a0 <__riscv_save_0>
 1b0:	4505                	li	a0,1
 1b2:	2e05                	jal	4e2 <NVIC_PriorityGroupConfig>
 1b4:	2a5d                	jal	36a <SystemCoreClockUpdate>
 1b6:	29cd                	jal	6a8 <Delay_Init>
 1b8:	6571                	lui	a0,0x1c
 1ba:	20050513          	addi	a0,a0,512 # 1c200 <_data_lma+0x1b4ac>
 1be:	2b29                	jal	6d8 <USART_Printf_Init>
 1c0:	200007b7          	lui	a5,0x20000
 1c4:	0107a583          	lw	a1,16(a5) # 20000010 <SystemCoreClock>
 1c8:	00001537          	lui	a0,0x1
 1cc:	d2c50513          	addi	a0,a0,-724 # d2c <printf+0x22>
 1d0:	33b000ef          	jal	ra,d0a <printf>
 1d4:	2461                	jal	45c <DBGMCU_GetCHIPID>
 1d6:	85aa                	mv	a1,a0
 1d8:	00001537          	lui	a0,0x1
 1dc:	d3c50513          	addi	a0,a0,-708 # d3c <printf+0x32>
 1e0:	32b000ef          	jal	ra,d0a <printf>
 1e4:	3f89                	jal	136 <USARTx_CFG>
 1e6:	200004b7          	lui	s1,0x20000
 1ea:	40014437          	lui	s0,0x40014
 1ee:	80040793          	addi	a5,s0,-2048 # 40013800 <__global_pointer$+0x20012fc8>
 1f2:	853e                	mv	a0,a5
 1f4:	02000593          	li	a1,32
 1f8:	215d                	jal	69e <USART_GetFlagStatus>
 1fa:	400147b7          	lui	a5,0x40014
 1fe:	80078793          	addi	a5,a5,-2048 # 40013800 <__global_pointer$+0x20012fc8>
 202:	d965                	beqz	a0,1f2 <main+0x46>
 204:	80040513          	addi	a0,s0,-2048
 208:	2179                	jal	696 <USART_ReceiveData>
 20a:	03848793          	addi	a5,s1,56 # 20000038 <_edata>
 20e:	0ff57513          	andi	a0,a0,255
 212:	a388                	sb	a0,0(a5)
 214:	238c                	lbu	a1,0(a5)
 216:	80040513          	addi	a0,s0,-2048
 21a:	40014437          	lui	s0,0x40014
 21e:	fff5c593          	not	a1,a1
 222:	05c2                	slli	a1,a1,0x10
 224:	81c1                	srli	a1,a1,0x10
 226:	21a5                	jal	68e <USART_SendData>
 228:	80040413          	addi	s0,s0,-2048 # 40013800 <__global_pointer$+0x20012fc8>
 22c:	08000593          	li	a1,128
 230:	8522                	mv	a0,s0
 232:	21b5                	jal	69e <USART_GetFlagStatus>
 234:	dd65                	beqz	a0,22c <main+0x80>
 236:	bf55                	j	1ea <main+0x3e>

00000238 <SystemInit>:
 238:	e69ff2ef          	jal	t0,a0 <__riscv_save_0>
 23c:	40021437          	lui	s0,0x40021
 240:	401c                	lw	a5,0(s0)
 242:	f8ff0737          	lui	a4,0xf8ff0
 246:	1161                	addi	sp,sp,-8
 248:	0017e793          	ori	a5,a5,1
 24c:	c01c                	sw	a5,0(s0)
 24e:	405c                	lw	a5,4(s0)
 250:	4541                	li	a0,16
 252:	8ff9                	and	a5,a5,a4
 254:	c05c                	sw	a5,4(s0)
 256:	401c                	lw	a5,0(s0)
 258:	fef70737          	lui	a4,0xfef70
 25c:	177d                	addi	a4,a4,-1
 25e:	8ff9                	and	a5,a5,a4
 260:	c01c                	sw	a5,0(s0)
 262:	401c                	lw	a5,0(s0)
 264:	fffc0737          	lui	a4,0xfffc0
 268:	177d                	addi	a4,a4,-1
 26a:	8ff9                	and	a5,a5,a4
 26c:	c01c                	sw	a5,0(s0)
 26e:	405c                	lw	a5,4(s0)
 270:	7741                	lui	a4,0xffff0
 272:	177d                	addi	a4,a4,-1
 274:	8ff9                	and	a5,a5,a4
 276:	c05c                	sw	a5,4(s0)
 278:	009f07b7          	lui	a5,0x9f0
 27c:	c41c                	sw	a5,8(s0)
 27e:	24bd                	jal	4ec <RCC_AdjustHSICalibrationValue>
 280:	4c1c                	lw	a5,24(s0)
 282:	00020637          	lui	a2,0x20
 286:	0207e793          	ori	a5,a5,32
 28a:	cc1c                	sw	a5,24(s0)
 28c:	400117b7          	lui	a5,0x40011
 290:	4007a703          	lw	a4,1024(a5) # 40011400 <__global_pointer$+0x20010bc8>
 294:	40078693          	addi	a3,a5,1024
 298:	f0f77713          	andi	a4,a4,-241
 29c:	40e7a023          	sw	a4,1024(a5)
 2a0:	4007a703          	lw	a4,1024(a5)
 2a4:	08076713          	ori	a4,a4,128
 2a8:	40e7a023          	sw	a4,1024(a5)
 2ac:	4789                	li	a5,2
 2ae:	ca9c                	sw	a5,16(a3)
 2b0:	c002                	sw	zero,0(sp)
 2b2:	c202                	sw	zero,4(sp)
 2b4:	4c1c                	lw	a5,24(s0)
 2b6:	40010737          	lui	a4,0x40010
 2ba:	66a1                	lui	a3,0x8
 2bc:	0017e793          	ori	a5,a5,1
 2c0:	cc1c                	sw	a5,24(s0)
 2c2:	435c                	lw	a5,4(a4)
 2c4:	8fd5                	or	a5,a5,a3
 2c6:	c35c                	sw	a5,4(a4)
 2c8:	401c                	lw	a5,0(s0)
 2ca:	6741                	lui	a4,0x10
 2cc:	400216b7          	lui	a3,0x40021
 2d0:	8fd9                	or	a5,a5,a4
 2d2:	c01c                	sw	a5,0(s0)
 2d4:	6709                	lui	a4,0x2
 2d6:	429c                	lw	a5,0(a3)
 2d8:	8ff1                	and	a5,a5,a2
 2da:	c23e                	sw	a5,4(sp)
 2dc:	4782                	lw	a5,0(sp)
 2de:	0785                	addi	a5,a5,1
 2e0:	c03e                	sw	a5,0(sp)
 2e2:	4792                	lw	a5,4(sp)
 2e4:	e781                	bnez	a5,2ec <SystemInit+0xb4>
 2e6:	4782                	lw	a5,0(sp)
 2e8:	fee797e3          	bne	a5,a4,2d6 <SystemInit+0x9e>
 2ec:	400217b7          	lui	a5,0x40021
 2f0:	439c                	lw	a5,0(a5)
 2f2:	00e79713          	slli	a4,a5,0xe
 2f6:	06075863          	bgez	a4,366 <SystemInit+0x12e>
 2fa:	4785                	li	a5,1
 2fc:	c23e                	sw	a5,4(sp)
 2fe:	4712                	lw	a4,4(sp)
 300:	4785                	li	a5,1
 302:	06f71063          	bne	a4,a5,362 <SystemInit+0x12a>
 306:	400227b7          	lui	a5,0x40022
 30a:	4398                	lw	a4,0(a5)
 30c:	76c1                	lui	a3,0xffff0
 30e:	16fd                	addi	a3,a3,-1
 310:	9b71                	andi	a4,a4,-4
 312:	c398                	sw	a4,0(a5)
 314:	4398                	lw	a4,0(a5)
 316:	00176713          	ori	a4,a4,1
 31a:	c398                	sw	a4,0(a5)
 31c:	400217b7          	lui	a5,0x40021
 320:	43d8                	lw	a4,4(a5)
 322:	c3d8                	sw	a4,4(a5)
 324:	43d8                	lw	a4,4(a5)
 326:	8f75                	and	a4,a4,a3
 328:	c3d8                	sw	a4,4(a5)
 32a:	43d8                	lw	a4,4(a5)
 32c:	66c1                	lui	a3,0x10
 32e:	8f55                	or	a4,a4,a3
 330:	c3d8                	sw	a4,4(a5)
 332:	4398                	lw	a4,0(a5)
 334:	010006b7          	lui	a3,0x1000
 338:	8f55                	or	a4,a4,a3
 33a:	c398                	sw	a4,0(a5)
 33c:	4398                	lw	a4,0(a5)
 33e:	00671693          	slli	a3,a4,0x6
 342:	fe06dde3          	bgez	a3,33c <SystemInit+0x104>
 346:	43d8                	lw	a4,4(a5)
 348:	400216b7          	lui	a3,0x40021
 34c:	9b71                	andi	a4,a4,-4
 34e:	c3d8                	sw	a4,4(a5)
 350:	43d8                	lw	a4,4(a5)
 352:	00276713          	ori	a4,a4,2
 356:	c3d8                	sw	a4,4(a5)
 358:	4721                	li	a4,8
 35a:	42dc                	lw	a5,4(a3)
 35c:	8bb1                	andi	a5,a5,12
 35e:	fee79ee3          	bne	a5,a4,35a <SystemInit+0x122>
 362:	0121                	addi	sp,sp,8
 364:	b399                	j	aa <__riscv_restore_0>
 366:	c202                	sw	zero,4(sp)
 368:	bf59                	j	2fe <SystemInit+0xc6>

0000036a <SystemCoreClockUpdate>:
 36a:	d37ff2ef          	jal	t0,a0 <__riscv_save_0>
 36e:	40021737          	lui	a4,0x40021
 372:	435c                	lw	a5,4(a4)
 374:	20000437          	lui	s0,0x20000
 378:	4691                	li	a3,4
 37a:	8bb1                	andi	a5,a5,12
 37c:	01040413          	addi	s0,s0,16 # 20000010 <SystemCoreClock>
 380:	00d78563          	beq	a5,a3,38a <SystemCoreClockUpdate+0x20>
 384:	46a1                	li	a3,8
 386:	04d78063          	beq	a5,a3,3c6 <SystemCoreClockUpdate+0x5c>
 38a:	016e37b7          	lui	a5,0x16e3
 38e:	60078793          	addi	a5,a5,1536 # 16e3600 <_data_lma+0x16e28ac>
 392:	c01c                	sw	a5,0(s0)
 394:	400216b7          	lui	a3,0x40021
 398:	42dc                	lw	a5,4(a3)
 39a:	4008                	lw	a0,0(s0)
 39c:	8391                	srli	a5,a5,0x4
 39e:	00f7f713          	andi	a4,a5,15
 3a2:	200007b7          	lui	a5,0x20000
 3a6:	00078793          	mv	a5,a5
 3aa:	97ba                	add	a5,a5,a4
 3ac:	238c                	lbu	a1,0(a5)
 3ae:	42dc                	lw	a5,4(a3)
 3b0:	0ff5f593          	andi	a1,a1,255
 3b4:	0807f793          	andi	a5,a5,128
 3b8:	00b55733          	srl	a4,a0,a1
 3bc:	e399                	bnez	a5,3c2 <SystemCoreClockUpdate+0x58>
 3be:	39fd                	jal	bc <__udivsi3>
 3c0:	872a                	mv	a4,a0
 3c2:	c018                	sw	a4,0(s0)
 3c4:	b1dd                	j	aa <__riscv_restore_0>
 3c6:	435c                	lw	a5,4(a4)
 3c8:	02dc77b7          	lui	a5,0x2dc7
 3cc:	c0078793          	addi	a5,a5,-1024 # 2dc6c00 <_data_lma+0x2dc5eac>
 3d0:	b7c9                	j	392 <SystemCoreClockUpdate+0x28>

000003d2 <ADC1_IRQHandler>:
 3d2:	a001                	j	3d2 <ADC1_IRQHandler>

000003d4 <handle_reset>:
 3d4:	20000197          	auipc	gp,0x20000
 3d8:	46418193          	addi	gp,gp,1124 # 20000838 <__global_pointer$>
 3dc:	fc818113          	addi	sp,gp,-56 # 20000800 <_eusrstack>
 3e0:	00001517          	auipc	a0,0x1
 3e4:	97450513          	addi	a0,a0,-1676 # d54 <_data_lma>
 3e8:	20000597          	auipc	a1,0x20000
 3ec:	c1858593          	addi	a1,a1,-1000 # 20000000 <_data_vma>
 3f0:	20000617          	auipc	a2,0x20000
 3f4:	c4860613          	addi	a2,a2,-952 # 20000038 <_edata>
 3f8:	00c5fa63          	bgeu	a1,a2,40c <handle_reset+0x38>
 3fc:	00052283          	lw	t0,0(a0)
 400:	0055a023          	sw	t0,0(a1)
 404:	0511                	addi	a0,a0,4
 406:	0591                	addi	a1,a1,4
 408:	fec5eae3          	bltu	a1,a2,3fc <handle_reset+0x28>
 40c:	20000517          	auipc	a0,0x20000
 410:	c2c50513          	addi	a0,a0,-980 # 20000038 <_edata>
 414:	80c18593          	addi	a1,gp,-2036 # 20000044 <_ebss>
 418:	00b57763          	bgeu	a0,a1,426 <handle_reset+0x52>
 41c:	00052023          	sw	zero,0(a0)
 420:	0511                	addi	a0,a0,4
 422:	feb56de3          	bltu	a0,a1,41c <handle_reset+0x48>
 426:	000022b7          	lui	t0,0x2
 42a:	88028293          	addi	t0,t0,-1920 # 1880 <_data_lma+0xb2c>
 42e:	30029073          	csrw	mstatus,t0
 432:	428d                	li	t0,3
 434:	80429073          	csrw	0x804,t0
 438:	00000297          	auipc	t0,0x0
 43c:	bc828293          	addi	t0,t0,-1080 # 0 <_sinit>
 440:	0032e293          	ori	t0,t0,3
 444:	30529073          	csrw	mtvec,t0
 448:	df1ff0ef          	jal	ra,238 <SystemInit>
 44c:	00000297          	auipc	t0,0x0
 450:	d6028293          	addi	t0,t0,-672 # 1ac <main>
 454:	34129073          	csrw	mepc,t0
 458:	30200073          	mret

0000045c <DBGMCU_GetCHIPID>:
 45c:	1ffff7b7          	lui	a5,0x1ffff
 460:	7c47a503          	lw	a0,1988(a5) # 1ffff7c4 <_data_lma+0x1fffea70>
 464:	8082                	ret

00000466 <GPIO_Init>:
 466:	4594                	lw	a3,8(a1)
 468:	0106f793          	andi	a5,a3,16
 46c:	00f6f293          	andi	t0,a3,15
 470:	c781                	beqz	a5,478 <GPIO_Init+0x12>
 472:	41dc                	lw	a5,4(a1)
 474:	00f2e2b3          	or	t0,t0,a5
 478:	0005d383          	lhu	t2,0(a1)
 47c:	0ff3f793          	andi	a5,t2,255
 480:	c3a5                	beqz	a5,4e0 <GPIO_Init+0x7a>
 482:	00052303          	lw	t1,0(a0)
 486:	1161                	addi	sp,sp,-8
 488:	c222                	sw	s0,4(sp)
 48a:	c026                	sw	s1,0(sp)
 48c:	4781                	li	a5,0
 48e:	02800413          	li	s0,40
 492:	04800493          	li	s1,72
 496:	4705                	li	a4,1
 498:	00f71633          	sll	a2,a4,a5
 49c:	00c3f733          	and	a4,t2,a2
 4a0:	02e61263          	bne	a2,a4,4c4 <GPIO_Init+0x5e>
 4a4:	00279593          	slli	a1,a5,0x2
 4a8:	473d                	li	a4,15
 4aa:	00b71733          	sll	a4,a4,a1
 4ae:	fff74713          	not	a4,a4
 4b2:	00677333          	and	t1,a4,t1
 4b6:	00b295b3          	sll	a1,t0,a1
 4ba:	0065e333          	or	t1,a1,t1
 4be:	00869d63          	bne	a3,s0,4d8 <GPIO_Init+0x72>
 4c2:	c950                	sw	a2,20(a0)
 4c4:	0785                	addi	a5,a5,1
 4c6:	4721                	li	a4,8
 4c8:	fce797e3          	bne	a5,a4,496 <GPIO_Init+0x30>
 4cc:	4412                	lw	s0,4(sp)
 4ce:	00652023          	sw	t1,0(a0)
 4d2:	4482                	lw	s1,0(sp)
 4d4:	0121                	addi	sp,sp,8
 4d6:	8082                	ret
 4d8:	fe9696e3          	bne	a3,s1,4c4 <GPIO_Init+0x5e>
 4dc:	c910                	sw	a2,16(a0)
 4de:	b7dd                	j	4c4 <GPIO_Init+0x5e>
 4e0:	8082                	ret

000004e2 <NVIC_PriorityGroupConfig>:
 4e2:	200007b7          	lui	a5,0x20000
 4e6:	02a7ae23          	sw	a0,60(a5) # 2000003c <NVIC_Priority_Group>
 4ea:	8082                	ret

000004ec <RCC_AdjustHSICalibrationValue>:
 4ec:	40021737          	lui	a4,0x40021
 4f0:	431c                	lw	a5,0(a4)
 4f2:	050e                	slli	a0,a0,0x3
 4f4:	f077f793          	andi	a5,a5,-249
 4f8:	8d5d                	or	a0,a0,a5
 4fa:	c308                	sw	a0,0(a4)
 4fc:	8082                	ret

000004fe <RCC_GetClocksFreq>:
 4fe:	ba3ff2ef          	jal	t0,a0 <__riscv_save_0>
 502:	40021737          	lui	a4,0x40021
 506:	435c                	lw	a5,4(a4)
 508:	4691                	li	a3,4
 50a:	842a                	mv	s0,a0
 50c:	8bb1                	andi	a5,a5,12
 50e:	00d78563          	beq	a5,a3,518 <RCC_GetClocksFreq+0x1a>
 512:	46a1                	li	a3,8
 514:	06d78d63          	beq	a5,a3,58e <RCC_GetClocksFreq+0x90>
 518:	016e37b7          	lui	a5,0x16e3
 51c:	60078793          	addi	a5,a5,1536 # 16e3600 <_data_lma+0x16e28ac>
 520:	c01c                	sw	a5,0(s0)
 522:	400216b7          	lui	a3,0x40021
 526:	42dc                	lw	a5,4(a3)
 528:	8391                	srli	a5,a5,0x4
 52a:	00f7f713          	andi	a4,a5,15
 52e:	200007b7          	lui	a5,0x20000
 532:	02878793          	addi	a5,a5,40 # 20000028 <APBAHBPrescTable>
 536:	97ba                	add	a5,a5,a4
 538:	238c                	lbu	a1,0(a5)
 53a:	42dc                	lw	a5,4(a3)
 53c:	4018                	lw	a4,0(s0)
 53e:	0ff5f593          	andi	a1,a1,255
 542:	0807f793          	andi	a5,a5,128
 546:	00b75533          	srl	a0,a4,a1
 54a:	e399                	bnez	a5,550 <RCC_GetClocksFreq+0x52>
 54c:	853a                	mv	a0,a4
 54e:	36bd                	jal	bc <__udivsi3>
 550:	c048                	sw	a0,4(s0)
 552:	c408                	sw	a0,8(s0)
 554:	c448                	sw	a0,12(s0)
 556:	400217b7          	lui	a5,0x40021
 55a:	43dc                	lw	a5,4(a5)
 55c:	468d                	li	a3,3
 55e:	83ad                	srli	a5,a5,0xb
 560:	8bfd                	andi	a5,a5,31
 562:	0037d713          	srli	a4,a5,0x3
 566:	078a                	slli	a5,a5,0x2
 568:	8bf1                	andi	a5,a5,28
 56a:	8fd9                	or	a5,a5,a4
 56c:	0137f613          	andi	a2,a5,19
 570:	0037f713          	andi	a4,a5,3
 574:	00c6f463          	bgeu	a3,a2,57c <RCC_GetClocksFreq+0x7e>
 578:	ff478713          	addi	a4,a5,-12 # 40020ff4 <__global_pointer$+0x200207bc>
 57c:	200007b7          	lui	a5,0x20000
 580:	01478793          	addi	a5,a5,20 # 20000014 <ADCPrescTable>
 584:	97ba                	add	a5,a5,a4
 586:	238c                	lbu	a1,0(a5)
 588:	3e15                	jal	bc <__udivsi3>
 58a:	c808                	sw	a0,16(s0)
 58c:	be39                	j	aa <__riscv_restore_0>
 58e:	435c                	lw	a5,4(a4)
 590:	02dc77b7          	lui	a5,0x2dc7
 594:	c0078793          	addi	a5,a5,-1024 # 2dc6c00 <_data_lma+0x2dc5eac>
 598:	b761                	j	520 <RCC_GetClocksFreq+0x22>

0000059a <RCC_APB2PeriphClockCmd>:
 59a:	c599                	beqz	a1,5a8 <RCC_APB2PeriphClockCmd+0xe>
 59c:	40021737          	lui	a4,0x40021
 5a0:	4f1c                	lw	a5,24(a4)
 5a2:	8d5d                	or	a0,a0,a5
 5a4:	cf08                	sw	a0,24(a4)
 5a6:	8082                	ret
 5a8:	400217b7          	lui	a5,0x40021
 5ac:	4f98                	lw	a4,24(a5)
 5ae:	fff54513          	not	a0,a0
 5b2:	8d79                	and	a0,a0,a4
 5b4:	cf88                	sw	a0,24(a5)
 5b6:	8082                	ret

000005b8 <USART_Init>:
 5b8:	ae9ff2ef          	jal	t0,a0 <__riscv_save_0>
 5bc:	2916                	lhu	a3,16(a0)
 5be:	77f5                	lui	a5,0xffffd
 5c0:	17fd                	addi	a5,a5,-1
 5c2:	8ff5                	and	a5,a5,a3
 5c4:	21f6                	lhu	a3,6(a1)
 5c6:	25da                	lhu	a4,12(a1)
 5c8:	1121                	addi	sp,sp,-24
 5ca:	8fd5                	or	a5,a5,a3
 5cc:	a91e                	sh	a5,16(a0)
 5ce:	2556                	lhu	a3,12(a0)
 5d0:	77fd                	lui	a5,0xfffff
 5d2:	9f378793          	addi	a5,a5,-1549 # ffffe9f3 <__global_pointer$+0xdfffe1bb>
 5d6:	8ff5                	and	a5,a5,a3
 5d8:	21d6                	lhu	a3,4(a1)
 5da:	842a                	mv	s0,a0
 5dc:	c02e                	sw	a1,0(sp)
 5de:	8fd5                	or	a5,a5,a3
 5e0:	2596                	lhu	a3,8(a1)
 5e2:	8fd5                	or	a5,a5,a3
 5e4:	25b6                	lhu	a3,10(a1)
 5e6:	8fd5                	or	a5,a5,a3
 5e8:	a55e                	sh	a5,12(a0)
 5ea:	295e                	lhu	a5,20(a0)
 5ec:	07c2                	slli	a5,a5,0x10
 5ee:	83c1                	srli	a5,a5,0x10
 5f0:	cff7f793          	andi	a5,a5,-769
 5f4:	8f5d                	or	a4,a4,a5
 5f6:	a95a                	sh	a4,20(a0)
 5f8:	0048                	addi	a0,sp,4
 5fa:	3711                	jal	4fe <RCC_GetClocksFreq>
 5fc:	400147b7          	lui	a5,0x40014
 600:	80078793          	addi	a5,a5,-2048 # 40013800 <__global_pointer$+0x20012fc8>
 604:	4582                	lw	a1,0(sp)
 606:	04f41d63          	bne	s0,a5,660 <USART_Init+0xa8>
 60a:	47c2                	lw	a5,16(sp)
 60c:	245a                	lhu	a4,12(s0)
 60e:	00179513          	slli	a0,a5,0x1
 612:	953e                	add	a0,a0,a5
 614:	0742                	slli	a4,a4,0x10
 616:	050e                	slli	a0,a0,0x3
 618:	8741                	srai	a4,a4,0x10
 61a:	953e                	add	a0,a0,a5
 61c:	418c                	lw	a1,0(a1)
 61e:	04075363          	bgez	a4,664 <USART_Init+0xac>
 622:	0586                	slli	a1,a1,0x1
 624:	3c61                	jal	bc <__udivsi3>
 626:	06400593          	li	a1,100
 62a:	c02a                	sw	a0,0(sp)
 62c:	3c41                	jal	bc <__udivsi3>
 62e:	4782                	lw	a5,0(sp)
 630:	00451493          	slli	s1,a0,0x4
 634:	06400593          	li	a1,100
 638:	853e                	mv	a0,a5
 63a:	347d                	jal	e8 <__umodsi3>
 63c:	245e                	lhu	a5,12(s0)
 63e:	07c2                	slli	a5,a5,0x10
 640:	87c1                	srai	a5,a5,0x10
 642:	0207d363          	bgez	a5,668 <USART_Init+0xb0>
 646:	050e                	slli	a0,a0,0x3
 648:	06400593          	li	a1,100
 64c:	03250513          	addi	a0,a0,50
 650:	34b5                	jal	bc <__udivsi3>
 652:	891d                	andi	a0,a0,7
 654:	8cc9                	or	s1,s1,a0
 656:	04c2                	slli	s1,s1,0x10
 658:	80c1                	srli	s1,s1,0x10
 65a:	a406                	sh	s1,8(s0)
 65c:	0161                	addi	sp,sp,24
 65e:	b4b1                	j	aa <__riscv_restore_0>
 660:	47b2                	lw	a5,12(sp)
 662:	b76d                	j	60c <USART_Init+0x54>
 664:	058a                	slli	a1,a1,0x2
 666:	bf7d                	j	624 <USART_Init+0x6c>
 668:	0512                	slli	a0,a0,0x4
 66a:	06400593          	li	a1,100
 66e:	03250513          	addi	a0,a0,50
 672:	34a9                	jal	bc <__udivsi3>
 674:	893d                	andi	a0,a0,15
 676:	bff9                	j	654 <USART_Init+0x9c>

00000678 <USART_Cmd>:
 678:	c591                	beqz	a1,684 <USART_Cmd+0xc>
 67a:	255e                	lhu	a5,12(a0)
 67c:	6709                	lui	a4,0x2
 67e:	8fd9                	or	a5,a5,a4
 680:	a55e                	sh	a5,12(a0)
 682:	8082                	ret
 684:	255a                	lhu	a4,12(a0)
 686:	77f9                	lui	a5,0xffffe
 688:	17fd                	addi	a5,a5,-1
 68a:	8ff9                	and	a5,a5,a4
 68c:	bfd5                	j	680 <USART_Cmd+0x8>

0000068e <USART_SendData>:
 68e:	1ff5f593          	andi	a1,a1,511
 692:	a14e                	sh	a1,4(a0)
 694:	8082                	ret

00000696 <USART_ReceiveData>:
 696:	214a                	lhu	a0,4(a0)
 698:	1ff57513          	andi	a0,a0,511
 69c:	8082                	ret

0000069e <USART_GetFlagStatus>:
 69e:	210a                	lhu	a0,0(a0)
 6a0:	8d6d                	and	a0,a0,a1
 6a2:	00a03533          	snez	a0,a0
 6a6:	8082                	ret

000006a8 <Delay_Init>:
 6a8:	9f9ff2ef          	jal	t0,a0 <__riscv_save_0>
 6ac:	200007b7          	lui	a5,0x20000
 6b0:	0107a503          	lw	a0,16(a5) # 20000010 <SystemCoreClock>
 6b4:	007a15b7          	lui	a1,0x7a1
 6b8:	20058593          	addi	a1,a1,512 # 7a1200 <_data_lma+0x7a04ac>
 6bc:	3401                	jal	bc <__udivsi3>
 6be:	0ff57513          	andi	a0,a0,255
 6c2:	80a18523          	sb	a0,-2038(gp) # 20000042 <p_us>
 6c6:	00551793          	slli	a5,a0,0x5
 6ca:	8f89                	sub	a5,a5,a0
 6cc:	078a                	slli	a5,a5,0x2
 6ce:	953e                	add	a0,a0,a5
 6d0:	050e                	slli	a0,a0,0x3
 6d2:	80a19423          	sh	a0,-2040(gp) # 20000040 <p_ms>
 6d6:	bad1                	j	aa <__riscv_restore_0>

000006d8 <USART_Printf_Init>:
 6d8:	9c9ff2ef          	jal	t0,a0 <__riscv_save_0>
 6dc:	842a                	mv	s0,a0
 6de:	6511                	lui	a0,0x4
 6e0:	1111                	addi	sp,sp,-28
 6e2:	4585                	li	a1,1
 6e4:	02050513          	addi	a0,a0,32 # 4020 <_data_lma+0x32cc>
 6e8:	3d4d                	jal	59a <RCC_APB2PeriphClockCmd>
 6ea:	02000793          	li	a5,32
 6ee:	807c                	sh	a5,0(sp)
 6f0:	40011537          	lui	a0,0x40011
 6f4:	478d                	li	a5,3
 6f6:	c23e                	sw	a5,4(sp)
 6f8:	858a                	mv	a1,sp
 6fa:	47e1                	li	a5,24
 6fc:	40050513          	addi	a0,a0,1024 # 40011400 <__global_pointer$+0x20010bc8>
 700:	c43e                	sw	a5,8(sp)
 702:	3395                	jal	466 <GPIO_Init>
 704:	c622                	sw	s0,12(sp)
 706:	40014437          	lui	s0,0x40014
 70a:	000807b7          	lui	a5,0x80
 70e:	006c                	addi	a1,sp,12
 710:	80040513          	addi	a0,s0,-2048 # 40013800 <__global_pointer$+0x20012fc8>
 714:	ca3e                	sw	a5,20(sp)
 716:	c802                	sw	zero,16(sp)
 718:	00011c23          	sh	zero,24(sp)
 71c:	3d71                	jal	5b8 <USART_Init>
 71e:	4585                	li	a1,1
 720:	80040513          	addi	a0,s0,-2048
 724:	3f91                	jal	678 <USART_Cmd>
 726:	0171                	addi	sp,sp,28
 728:	b249                	j	aa <__riscv_restore_0>

0000072a <_write>:
 72a:	977ff2ef          	jal	t0,a0 <__riscv_save_0>
 72e:	1171                	addi	sp,sp,-4
 730:	84ae                	mv	s1,a1
 732:	4401                	li	s0,0
 734:	02c45d63          	bge	s0,a2,76e <_write+0x44>
 738:	400147b7          	lui	a5,0x40014
 73c:	80078713          	addi	a4,a5,-2048 # 40013800 <__global_pointer$+0x20012fc8>
 740:	853a                	mv	a0,a4
 742:	04000593          	li	a1,64
 746:	c032                	sw	a2,0(sp)
 748:	3f99                	jal	69e <USART_GetFlagStatus>
 74a:	400147b7          	lui	a5,0x40014
 74e:	80078713          	addi	a4,a5,-2048 # 40013800 <__global_pointer$+0x20012fc8>
 752:	4602                	lw	a2,0(sp)
 754:	d575                	beqz	a0,740 <_write+0x16>
 756:	00848733          	add	a4,s1,s0
 75a:	00070583          	lb	a1,0(a4) # 2000 <_data_lma+0x12ac>
 75e:	80078513          	addi	a0,a5,-2048
 762:	0405                	addi	s0,s0,1
 764:	05c2                	slli	a1,a1,0x10
 766:	81c1                	srli	a1,a1,0x10
 768:	371d                	jal	68e <USART_SendData>
 76a:	4602                	lw	a2,0(sp)
 76c:	b7e1                	j	734 <_write+0xa>
 76e:	8532                	mv	a0,a2
 770:	0111                	addi	sp,sp,4
 772:	ba25                	j	aa <__riscv_restore_0>

00000774 <printchar>:
 774:	1141                	addi	sp,sp,-16
 776:	c606                	sw	ra,12(sp)
 778:	c02e                	sw	a1,0(sp)
 77a:	cd0d                	beqz	a0,7b4 <printchar+0x40>
 77c:	4118                	lw	a4,0(a0)
 77e:	87aa                	mv	a5,a0
 780:	c305                	beqz	a4,7a0 <printchar+0x2c>
 782:	4158                	lw	a4,4(a0)
 784:	557d                	li	a0,-1
 786:	cb11                	beqz	a4,79a <printchar+0x26>
 788:	4685                	li	a3,1
 78a:	00d71b63          	bne	a4,a3,7a0 <printchar+0x2c>
 78e:	4798                	lw	a4,8(a5)
 790:	00070023          	sb	zero,0(a4)
 794:	0007a223          	sw	zero,4(a5)
 798:	4505                	li	a0,1
 79a:	40b2                	lw	ra,12(sp)
 79c:	0141                	addi	sp,sp,16
 79e:	8082                	ret
 7a0:	4798                	lw	a4,8(a5)
 7a2:	4682                	lw	a3,0(sp)
 7a4:	a314                	sb	a3,0(a4)
 7a6:	4798                	lw	a4,8(a5)
 7a8:	0705                	addi	a4,a4,1
 7aa:	c798                	sw	a4,8(a5)
 7ac:	43d8                	lw	a4,4(a5)
 7ae:	177d                	addi	a4,a4,-1
 7b0:	c3d8                	sw	a4,4(a5)
 7b2:	b7dd                	j	798 <printchar+0x24>
 7b4:	4605                	li	a2,1
 7b6:	858a                	mv	a1,sp
 7b8:	3f8d                	jal	72a <_write>
 7ba:	bff9                	j	798 <printchar+0x24>

000007bc <prints>:
 7bc:	1101                	addi	sp,sp,-32
 7be:	cc22                	sw	s0,24(sp)
 7c0:	c22e                	sw	a1,4(sp)
 7c2:	ce06                	sw	ra,28(sp)
 7c4:	ca26                	sw	s1,20(sp)
 7c6:	842a                	mv	s0,a0
 7c8:	4781                	li	a5,0
 7ca:	02000593          	li	a1,32
 7ce:	02064563          	bltz	a2,7f8 <prints+0x3c>
 7d2:	4592                	lw	a1,4(sp)
 7d4:	95be                	add	a1,a1,a5
 7d6:	00058583          	lb	a1,0(a1)
 7da:	e58d                	bnez	a1,804 <prints+0x48>
 7dc:	02c7d863          	bge	a5,a2,80c <prints+0x50>
 7e0:	02e7d463          	bge	a5,a4,808 <prints+0x4c>
 7e4:	8e19                	sub	a2,a2,a4
 7e6:	02000513          	li	a0,32
 7ea:	0026f593          	andi	a1,a3,2
 7ee:	c02a                	sw	a0,0(sp)
 7f0:	c589                	beqz	a1,7fa <prints+0x3e>
 7f2:	e701                	bnez	a4,7fa <prints+0x3e>
 7f4:	03000593          	li	a1,48
 7f8:	c02e                	sw	a1,0(sp)
 7fa:	8a85                	andi	a3,a3,1
 7fc:	4481                	li	s1,0
 7fe:	ea95                	bnez	a3,832 <prints+0x76>
 800:	84b2                	mv	s1,a2
 802:	a00d                	j	824 <prints+0x68>
 804:	0785                	addi	a5,a5,1
 806:	b7f1                	j	7d2 <prints+0x16>
 808:	8e1d                	sub	a2,a2,a5
 80a:	bff1                	j	7e6 <prints+0x2a>
 80c:	4601                	li	a2,0
 80e:	bfe1                	j	7e6 <prints+0x2a>
 810:	4582                	lw	a1,0(sp)
 812:	8522                	mv	a0,s0
 814:	c83a                	sw	a4,16(sp)
 816:	c632                	sw	a2,12(sp)
 818:	c43e                	sw	a5,8(sp)
 81a:	3fa9                	jal	774 <printchar>
 81c:	47a2                	lw	a5,8(sp)
 81e:	4632                	lw	a2,12(sp)
 820:	4742                	lw	a4,16(sp)
 822:	14fd                	addi	s1,s1,-1
 824:	fe9046e3          	bgtz	s1,810 <prints+0x54>
 828:	84b2                	mv	s1,a2
 82a:	00065363          	bgez	a2,830 <prints+0x74>
 82e:	4481                	li	s1,0
 830:	8e05                	sub	a2,a2,s1
 832:	02e7c763          	blt	a5,a4,860 <prints+0xa4>
 836:	87a6                	mv	a5,s1
 838:	4692                	lw	a3,4(sp)
 83a:	40978733          	sub	a4,a5,s1
 83e:	9736                	add	a4,a4,a3
 840:	00070583          	lb	a1,0(a4)
 844:	ed95                	bnez	a1,880 <prints+0xc4>
 846:	84b2                	mv	s1,a2
 848:	04904463          	bgtz	s1,890 <prints+0xd4>
 84c:	00065363          	bgez	a2,852 <prints+0x96>
 850:	4601                	li	a2,0
 852:	40f2                	lw	ra,28(sp)
 854:	4462                	lw	s0,24(sp)
 856:	44d2                	lw	s1,20(sp)
 858:	00f60533          	add	a0,a2,a5
 85c:	6105                	addi	sp,sp,32
 85e:	8082                	ret
 860:	8f1d                	sub	a4,a4,a5
 862:	87ba                	mv	a5,a4
 864:	03000593          	li	a1,48
 868:	8522                	mv	a0,s0
 86a:	c832                	sw	a2,16(sp)
 86c:	c63e                	sw	a5,12(sp)
 86e:	c43a                	sw	a4,8(sp)
 870:	3711                	jal	774 <printchar>
 872:	47b2                	lw	a5,12(sp)
 874:	4722                	lw	a4,8(sp)
 876:	4642                	lw	a2,16(sp)
 878:	17fd                	addi	a5,a5,-1
 87a:	f7ed                	bnez	a5,864 <prints+0xa8>
 87c:	94ba                	add	s1,s1,a4
 87e:	bf65                	j	836 <prints+0x7a>
 880:	8522                	mv	a0,s0
 882:	c632                	sw	a2,12(sp)
 884:	c43e                	sw	a5,8(sp)
 886:	35fd                	jal	774 <printchar>
 888:	47a2                	lw	a5,8(sp)
 88a:	4632                	lw	a2,12(sp)
 88c:	0785                	addi	a5,a5,1
 88e:	b76d                	j	838 <prints+0x7c>
 890:	4582                	lw	a1,0(sp)
 892:	8522                	mv	a0,s0
 894:	c432                	sw	a2,8(sp)
 896:	c23e                	sw	a5,4(sp)
 898:	3df1                	jal	774 <printchar>
 89a:	14fd                	addi	s1,s1,-1
 89c:	4622                	lw	a2,8(sp)
 89e:	4792                	lw	a5,4(sp)
 8a0:	b765                	j	848 <prints+0x8c>

000008a2 <printInt>:
 8a2:	7139                	addi	sp,sp,-64
 8a4:	de06                	sw	ra,60(sp)
 8a6:	dc22                	sw	s0,56(sp)
 8a8:	da26                	sw	s1,52(sp)
 8aa:	c23e                	sw	a5,4(sp)
 8ac:	8332                	mv	t1,a2
 8ae:	863a                	mv	a2,a4
 8b0:	ed89                	bnez	a1,8ca <printInt+0x28>
 8b2:	4692                	lw	a3,4(sp)
 8b4:	03000793          	li	a5,48
 8b8:	4701                	li	a4,0
 8ba:	086c                	addi	a1,sp,28
 8bc:	86fc                	sh	a5,28(sp)
 8be:	3dfd                	jal	7bc <prints>
 8c0:	50f2                	lw	ra,60(sp)
 8c2:	5462                	lw	s0,56(sp)
 8c4:	54d2                	lw	s1,52(sp)
 8c6:	6121                	addi	sp,sp,64
 8c8:	8082                	ret
 8ca:	84aa                	mv	s1,a0
 8cc:	8436                	mv	s0,a3
 8ce:	87ae                	mv	a5,a1
 8d0:	ca91                	beqz	a3,8e4 <printInt+0x42>
 8d2:	4729                	li	a4,10
 8d4:	4401                	li	s0,0
 8d6:	00e31763          	bne	t1,a4,8e4 <printInt+0x42>
 8da:	0005d563          	bgez	a1,8e4 <printInt+0x42>
 8de:	40b007b3          	neg	a5,a1
 8e2:	4405                	li	s0,1
 8e4:	4686                	lw	a3,64(sp)
 8e6:	020109a3          	sb	zero,51(sp)
 8ea:	03310713          	addi	a4,sp,51
 8ee:	fc668693          	addi	a3,a3,-58 # 40020fc6 <__global_pointer$+0x2002078e>
 8f2:	c436                	sw	a3,8(sp)
 8f4:	859a                	mv	a1,t1
 8f6:	853e                	mv	a0,a5
 8f8:	ca32                	sw	a2,20(sp)
 8fa:	c83a                	sw	a4,16(sp)
 8fc:	c61a                	sw	t1,12(sp)
 8fe:	c03e                	sw	a5,0(sp)
 900:	fe8ff0ef          	jal	ra,e8 <__umodsi3>
 904:	46a5                	li	a3,9
 906:	4782                	lw	a5,0(sp)
 908:	4332                	lw	t1,12(sp)
 90a:	4742                	lw	a4,16(sp)
 90c:	4652                	lw	a2,20(sp)
 90e:	00a6d463          	bge	a3,a0,916 <printInt+0x74>
 912:	46a2                	lw	a3,8(sp)
 914:	9536                	add	a0,a0,a3
 916:	03050513          	addi	a0,a0,48
 91a:	fff70693          	addi	a3,a4,-1
 91e:	fea70fa3          	sb	a0,-1(a4)
 922:	859a                	mv	a1,t1
 924:	853e                	mv	a0,a5
 926:	cc32                	sw	a2,24(sp)
 928:	ca3a                	sw	a4,20(sp)
 92a:	c81a                	sw	t1,16(sp)
 92c:	c63e                	sw	a5,12(sp)
 92e:	c036                	sw	a3,0(sp)
 930:	f8cff0ef          	jal	ra,bc <__udivsi3>
 934:	47b2                	lw	a5,12(sp)
 936:	4342                	lw	t1,16(sp)
 938:	4752                	lw	a4,20(sp)
 93a:	4662                	lw	a2,24(sp)
 93c:	0467f963          	bgeu	a5,t1,98e <printInt+0xec>
 940:	cc01                	beqz	s0,958 <printInt+0xb6>
 942:	ca29                	beqz	a2,994 <printInt+0xf2>
 944:	4792                	lw	a5,4(sp)
 946:	8b89                	andi	a5,a5,2
 948:	c7b1                	beqz	a5,994 <printInt+0xf2>
 94a:	02d00593          	li	a1,45
 94e:	8526                	mv	a0,s1
 950:	c432                	sw	a2,8(sp)
 952:	350d                	jal	774 <printchar>
 954:	4622                	lw	a2,8(sp)
 956:	167d                	addi	a2,a2,-1
 958:	4792                	lw	a5,4(sp)
 95a:	8b91                	andi	a5,a5,4
 95c:	c395                	beqz	a5,980 <printInt+0xde>
 95e:	4706                	lw	a4,64(sp)
 960:	06100793          	li	a5,97
 964:	c432                	sw	a2,8(sp)
 966:	03000593          	li	a1,48
 96a:	8526                	mv	a0,s1
 96c:	02f71e63          	bne	a4,a5,9a8 <printInt+0x106>
 970:	3511                	jal	774 <printchar>
 972:	07800593          	li	a1,120
 976:	8526                	mv	a0,s1
 978:	3bf5                	jal	774 <printchar>
 97a:	4622                	lw	a2,8(sp)
 97c:	0409                	addi	s0,s0,2
 97e:	1679                	addi	a2,a2,-2
 980:	4716                	lw	a4,68(sp)
 982:	4692                	lw	a3,4(sp)
 984:	4582                	lw	a1,0(sp)
 986:	8526                	mv	a0,s1
 988:	3d15                	jal	7bc <prints>
 98a:	9522                	add	a0,a0,s0
 98c:	bf15                	j	8c0 <printInt+0x1e>
 98e:	87aa                	mv	a5,a0
 990:	4702                	lw	a4,0(sp)
 992:	b78d                	j	8f4 <printInt+0x52>
 994:	4682                	lw	a3,0(sp)
 996:	02d00793          	li	a5,45
 99a:	4401                	li	s0,0
 99c:	fef68fa3          	sb	a5,-1(a3)
 9a0:	ffe70793          	addi	a5,a4,-2
 9a4:	c03e                	sw	a5,0(sp)
 9a6:	bf4d                	j	958 <printInt+0xb6>
 9a8:	33f1                	jal	774 <printchar>
 9aa:	05800593          	li	a1,88
 9ae:	b7e1                	j	976 <printInt+0xd4>

000009b0 <printLongLongInt>:
 9b0:	4501                	li	a0,0
 9b2:	8082                	ret

000009b4 <printDouble>:
 9b4:	4501                	li	a0,0
 9b6:	8082                	ret

000009b8 <print>:
 9b8:	fd810113          	addi	sp,sp,-40
 9bc:	d022                	sw	s0,32(sp)
 9be:	ce26                	sw	s1,28(sp)
 9c0:	d206                	sw	ra,36(sp)
 9c2:	c42a                	sw	a0,8(sp)
 9c4:	82ae                	mv	t0,a1
 9c6:	8432                	mv	s0,a2
 9c8:	c602                	sw	zero,12(sp)
 9ca:	4481                	li	s1,0
 9cc:	00028583          	lb	a1,0(t0)
 9d0:	ed89                	bnez	a1,9ea <print+0x32>
 9d2:	47a2                	lw	a5,8(sp)
 9d4:	c781                	beqz	a5,9dc <print+0x24>
 9d6:	4581                	li	a1,0
 9d8:	853e                	mv	a0,a5
 9da:	3b69                	jal	774 <printchar>
 9dc:	5092                	lw	ra,36(sp)
 9de:	5402                	lw	s0,32(sp)
 9e0:	8526                	mv	a0,s1
 9e2:	44f2                	lw	s1,28(sp)
 9e4:	02810113          	addi	sp,sp,40
 9e8:	8082                	ret
 9ea:	02500793          	li	a5,37
 9ee:	00f58863          	beq	a1,a5,9fe <print+0x46>
 9f2:	4522                	lw	a0,8(sp)
 9f4:	c816                	sw	t0,16(sp)
 9f6:	0485                	addi	s1,s1,1
 9f8:	3bb5                	jal	774 <printchar>
 9fa:	42c2                	lw	t0,16(sp)
 9fc:	a839                	j	a1a <print+0x62>
 9fe:	00128783          	lb	a5,1(t0)
 a02:	00128713          	addi	a4,t0,1
 a06:	00b79c63          	bne	a5,a1,a1e <print+0x66>
 a0a:	4522                	lw	a0,8(sp)
 a0c:	02500593          	li	a1,37
 a10:	c83a                	sw	a4,16(sp)
 a12:	338d                	jal	774 <printchar>
 a14:	4742                	lw	a4,16(sp)
 a16:	0485                	addi	s1,s1,1
 a18:	82ba                	mv	t0,a4
 a1a:	0285                	addi	t0,t0,1
 a1c:	bf45                	j	9cc <print+0x14>
 a1e:	dbd5                	beqz	a5,9d2 <print+0x1a>
 a20:	02b00693          	li	a3,43
 a24:	04d78963          	beq	a5,a3,a76 <print+0xbe>
 a28:	00f6c863          	blt	a3,a5,a38 <print+0x80>
 a2c:	02300693          	li	a3,35
 a30:	04d78663          	beq	a5,a3,a7c <print+0xc4>
 a34:	4781                	li	a5,0
 a36:	a005                	j	a56 <print+0x9e>
 a38:	02d00693          	li	a3,45
 a3c:	00d78a63          	beq	a5,a3,a50 <print+0x98>
 a40:	03000693          	li	a3,48
 a44:	fed798e3          	bne	a5,a3,a34 <print+0x7c>
 a48:	00228713          	addi	a4,t0,2
 a4c:	4789                	li	a5,2
 a4e:	a021                	j	a56 <print+0x9e>
 a50:	00228713          	addi	a4,t0,2
 a54:	4785                	li	a5,1
 a56:	00070683          	lb	a3,0(a4)
 a5a:	02b00613          	li	a2,43
 a5e:	04c68363          	beq	a3,a2,aa4 <print+0xec>
 a62:	02d64163          	blt	a2,a3,a84 <print+0xcc>
 a66:	02300613          	li	a2,35
 a6a:	02c68b63          	beq	a3,a2,aa0 <print+0xe8>
 a6e:	82ba                	mv	t0,a4
 a70:	4501                	li	a0,0
 a72:	46a5                	li	a3,9
 a74:	a081                	j	ab4 <print+0xfc>
 a76:	00228713          	addi	a4,t0,2
 a7a:	bf6d                	j	a34 <print+0x7c>
 a7c:	00228713          	addi	a4,t0,2
 a80:	4791                	li	a5,4
 a82:	bfd1                	j	a56 <print+0x9e>
 a84:	02d00613          	li	a2,45
 a88:	00c68963          	beq	a3,a2,a9a <print+0xe2>
 a8c:	03000613          	li	a2,48
 a90:	fcc69fe3          	bne	a3,a2,a6e <print+0xb6>
 a94:	0027e793          	ori	a5,a5,2
 a98:	a031                	j	aa4 <print+0xec>
 a9a:	0705                	addi	a4,a4,1
 a9c:	4785                	li	a5,1
 a9e:	bfc1                	j	a6e <print+0xb6>
 aa0:	0047e793          	ori	a5,a5,4
 aa4:	0705                	addi	a4,a4,1
 aa6:	b7e1                	j	a6e <print+0xb6>
 aa8:	00251613          	slli	a2,a0,0x2
 aac:	9532                	add	a0,a0,a2
 aae:	0506                	slli	a0,a0,0x1
 ab0:	953a                	add	a0,a0,a4
 ab2:	0285                	addi	t0,t0,1
 ab4:	00028603          	lb	a2,0(t0)
 ab8:	fd060713          	addi	a4,a2,-48
 abc:	0ff77593          	andi	a1,a4,255
 ac0:	feb6f4e3          	bgeu	a3,a1,aa8 <print+0xf0>
 ac4:	02e00713          	li	a4,46
 ac8:	4699                	li	a3,6
 aca:	00e61e63          	bne	a2,a4,ae6 <print+0x12e>
 ace:	0285                	addi	t0,t0,1
 ad0:	4681                	li	a3,0
 ad2:	45a5                	li	a1,9
 ad4:	00028603          	lb	a2,0(t0)
 ad8:	fd060613          	addi	a2,a2,-48
 adc:	0ff67713          	andi	a4,a2,255
 ae0:	02e5f563          	bgeu	a1,a4,b0a <print+0x152>
 ae4:	c636                	sw	a3,12(sp)
 ae6:	00028703          	lb	a4,0(t0)
 aea:	06a00613          	li	a2,106
 aee:	0ac70d63          	beq	a4,a2,ba8 <print+0x1f0>
 af2:	02e64363          	blt	a2,a4,b18 <print+0x160>
 af6:	04c00613          	li	a2,76
 afa:	0ac70763          	beq	a4,a2,ba8 <print+0x1f0>
 afe:	06800613          	li	a2,104
 b02:	08c70c63          	beq	a4,a2,b9a <print+0x1e2>
 b06:	4581                	li	a1,0
 b08:	a82d                	j	b42 <print+0x18a>
 b0a:	00269713          	slli	a4,a3,0x2
 b0e:	96ba                	add	a3,a3,a4
 b10:	0686                	slli	a3,a3,0x1
 b12:	96b2                	add	a3,a3,a2
 b14:	0285                	addi	t0,t0,1
 b16:	bf7d                	j	ad4 <print+0x11c>
 b18:	07400613          	li	a2,116
 b1c:	08c70663          	beq	a4,a2,ba8 <print+0x1f0>
 b20:	07a00613          	li	a2,122
 b24:	08c70263          	beq	a4,a2,ba8 <print+0x1f0>
 b28:	06c00613          	li	a2,108
 b2c:	4581                	li	a1,0
 b2e:	00c71a63          	bne	a4,a2,b42 <print+0x18a>
 b32:	00128603          	lb	a2,1(t0)
 b36:	458d                	li	a1,3
 b38:	00e61463          	bne	a2,a4,b40 <print+0x188>
 b3c:	0285                	addi	t0,t0,1
 b3e:	4591                	li	a1,4
 b40:	0285                	addi	t0,t0,1
 b42:	00028603          	lb	a2,0(t0)
 b46:	06000393          	li	t2,96
 b4a:	06100713          	li	a4,97
 b4e:	00c3c463          	blt	t2,a2,b56 <print+0x19e>
 b52:	04100713          	li	a4,65
 b56:	06700393          	li	t2,103
 b5a:	06c3c463          	blt	t2,a2,bc2 <print+0x20a>
 b5e:	06500393          	li	t2,101
 b62:	18765363          	bge	a2,t2,ce8 <print+0x330>
 b66:	04700393          	li	t2,71
 b6a:	04c3c163          	blt	t2,a2,bac <print+0x1f4>
 b6e:	04500593          	li	a1,69
 b72:	16b65b63          	bge	a2,a1,ce8 <print+0x330>
 b76:	04300713          	li	a4,67
 b7a:	eae610e3          	bne	a2,a4,a1a <print+0x62>
 b7e:	4018                	lw	a4,0(s0)
 b80:	00440393          	addi	t2,s0,4
 b84:	ca16                	sw	t0,20(sp)
 b86:	00e10c23          	sb	a4,24(sp)
 b8a:	c81e                	sw	t2,16(sp)
 b8c:	00010ca3          	sb	zero,25(sp)
 b90:	4701                	li	a4,0
 b92:	86be                	mv	a3,a5
 b94:	862a                	mv	a2,a0
 b96:	082c                	addi	a1,sp,24
 b98:	a849                	j	c2a <print+0x272>
 b9a:	00128603          	lb	a2,1(t0)
 b9e:	4581                	li	a1,0
 ba0:	fae611e3          	bne	a2,a4,b42 <print+0x18a>
 ba4:	0289                	addi	t0,t0,2
 ba6:	bf71                	j	b42 <print+0x18a>
 ba8:	0285                	addi	t0,t0,1
 baa:	bfb1                	j	b06 <print+0x14e>
 bac:	06300693          	li	a3,99
 bb0:	fcd607e3          	beq	a2,a3,b7e <print+0x1c6>
 bb4:	06c6ce63          	blt	a3,a2,c30 <print+0x278>
 bb8:	05800693          	li	a3,88
 bbc:	02d60363          	beq	a2,a3,be2 <print+0x22a>
 bc0:	bda9                	j	a1a <print+0x62>
 bc2:	07300693          	li	a3,115
 bc6:	04d60463          	beq	a2,a3,c0e <print+0x256>
 bca:	02c6cb63          	blt	a3,a2,c00 <print+0x248>
 bce:	06f00693          	li	a3,111
 bd2:	0ed60263          	beq	a2,a3,cb6 <print+0x2fe>
 bd6:	07000693          	li	a3,112
 bda:	0047e793          	ori	a5,a5,4
 bde:	e2d61ee3          	bne	a2,a3,a1a <print+0x62>
 be2:	4691                	li	a3,4
 be4:	0ad59f63          	bne	a1,a3,ca2 <print+0x2ea>
 be8:	00840393          	addi	t2,s0,8
 bec:	400c                	lw	a1,0(s0)
 bee:	4050                	lw	a2,4(s0)
 bf0:	ca16                	sw	t0,20(sp)
 bf2:	c23a                	sw	a4,4(sp)
 bf4:	c03e                	sw	a5,0(sp)
 bf6:	c81e                	sw	t2,16(sp)
 bf8:	87aa                	mv	a5,a0
 bfa:	4701                	li	a4,0
 bfc:	46c1                	li	a3,16
 bfe:	a0b9                	j	c4c <print+0x294>
 c00:	07500693          	li	a3,117
 c04:	06d60863          	beq	a2,a3,c74 <print+0x2bc>
 c08:	07800693          	li	a3,120
 c0c:	bf45                	j	bbc <print+0x204>
 c0e:	4018                	lw	a4,0(s0)
 c10:	000016b7          	lui	a3,0x1
 c14:	00440393          	addi	t2,s0,4
 c18:	d4c68593          	addi	a1,a3,-692 # d4c <printf+0x42>
 c1c:	c311                	beqz	a4,c20 <print+0x268>
 c1e:	85ba                	mv	a1,a4
 c20:	4732                	lw	a4,12(sp)
 c22:	ca16                	sw	t0,20(sp)
 c24:	c81e                	sw	t2,16(sp)
 c26:	86be                	mv	a3,a5
 c28:	862a                	mv	a2,a0
 c2a:	4522                	lw	a0,8(sp)
 c2c:	3e41                	jal	7bc <prints>
 c2e:	a00d                	j	c50 <print+0x298>
 c30:	4691                	li	a3,4
 c32:	02d59463          	bne	a1,a3,c5a <print+0x2a2>
 c36:	00840393          	addi	t2,s0,8
 c3a:	400c                	lw	a1,0(s0)
 c3c:	4050                	lw	a2,4(s0)
 c3e:	ca16                	sw	t0,20(sp)
 c40:	c23a                	sw	a4,4(sp)
 c42:	c03e                	sw	a5,0(sp)
 c44:	c81e                	sw	t2,16(sp)
 c46:	87aa                	mv	a5,a0
 c48:	4705                	li	a4,1
 c4a:	46a9                	li	a3,10
 c4c:	4522                	lw	a0,8(sp)
 c4e:	338d                	jal	9b0 <printLongLongInt>
 c50:	43c2                	lw	t2,16(sp)
 c52:	94aa                	add	s1,s1,a0
 c54:	841e                	mv	s0,t2
 c56:	42d2                	lw	t0,20(sp)
 c58:	b3c9                	j	a1a <print+0x62>
 c5a:	46b2                	lw	a3,12(sp)
 c5c:	400c                	lw	a1,0(s0)
 c5e:	c816                	sw	t0,16(sp)
 c60:	c236                	sw	a3,4(sp)
 c62:	c03a                	sw	a4,0(sp)
 c64:	0411                	addi	s0,s0,4
 c66:	872a                	mv	a4,a0
 c68:	4685                	li	a3,1
 c6a:	4629                	li	a2,10
 c6c:	4522                	lw	a0,8(sp)
 c6e:	3915                	jal	8a2 <printInt>
 c70:	94aa                	add	s1,s1,a0
 c72:	b361                	j	9fa <print+0x42>
 c74:	4691                	li	a3,4
 c76:	00d59d63          	bne	a1,a3,c90 <print+0x2d8>
 c7a:	00840393          	addi	t2,s0,8
 c7e:	400c                	lw	a1,0(s0)
 c80:	4050                	lw	a2,4(s0)
 c82:	ca16                	sw	t0,20(sp)
 c84:	c23a                	sw	a4,4(sp)
 c86:	c03e                	sw	a5,0(sp)
 c88:	c81e                	sw	t2,16(sp)
 c8a:	87aa                	mv	a5,a0
 c8c:	4701                	li	a4,0
 c8e:	bf75                	j	c4a <print+0x292>
 c90:	46b2                	lw	a3,12(sp)
 c92:	400c                	lw	a1,0(s0)
 c94:	c816                	sw	t0,16(sp)
 c96:	c236                	sw	a3,4(sp)
 c98:	c03a                	sw	a4,0(sp)
 c9a:	0411                	addi	s0,s0,4
 c9c:	872a                	mv	a4,a0
 c9e:	4681                	li	a3,0
 ca0:	b7e9                	j	c6a <print+0x2b2>
 ca2:	46b2                	lw	a3,12(sp)
 ca4:	c816                	sw	t0,16(sp)
 ca6:	400c                	lw	a1,0(s0)
 ca8:	4641                	li	a2,16
 caa:	c236                	sw	a3,4(sp)
 cac:	c03a                	sw	a4,0(sp)
 cae:	0411                	addi	s0,s0,4
 cb0:	872a                	mv	a4,a0
 cb2:	4681                	li	a3,0
 cb4:	bf65                	j	c6c <print+0x2b4>
 cb6:	4691                	li	a3,4
 cb8:	00d59e63          	bne	a1,a3,cd4 <print+0x31c>
 cbc:	00840393          	addi	t2,s0,8
 cc0:	400c                	lw	a1,0(s0)
 cc2:	4050                	lw	a2,4(s0)
 cc4:	ca16                	sw	t0,20(sp)
 cc6:	c23a                	sw	a4,4(sp)
 cc8:	c03e                	sw	a5,0(sp)
 cca:	c81e                	sw	t2,16(sp)
 ccc:	87aa                	mv	a5,a0
 cce:	4701                	li	a4,0
 cd0:	46a1                	li	a3,8
 cd2:	bfad                	j	c4c <print+0x294>
 cd4:	46b2                	lw	a3,12(sp)
 cd6:	400c                	lw	a1,0(s0)
 cd8:	c816                	sw	t0,16(sp)
 cda:	c236                	sw	a3,4(sp)
 cdc:	c03a                	sw	a4,0(sp)
 cde:	0411                	addi	s0,s0,4
 ce0:	872a                	mv	a4,a0
 ce2:	4681                	li	a3,0
 ce4:	4621                	li	a2,8
 ce6:	b759                	j	c6c <print+0x2b4>
 ce8:	400c                	lw	a1,0(s0)
 cea:	00840613          	addi	a2,s0,8
 cee:	4040                	lw	s0,4(s0)
 cf0:	c23a                	sw	a4,4(sp)
 cf2:	872a                	mv	a4,a0
 cf4:	4522                	lw	a0,8(sp)
 cf6:	c832                	sw	a2,16(sp)
 cf8:	c03e                	sw	a5,0(sp)
 cfa:	8622                	mv	a2,s0
 cfc:	87b6                	mv	a5,a3
 cfe:	46a9                	li	a3,10
 d00:	ca16                	sw	t0,20(sp)
 d02:	394d                	jal	9b4 <printDouble>
 d04:	94aa                	add	s1,s1,a0
 d06:	4442                	lw	s0,16(sp)
 d08:	b7b9                	j	c56 <print+0x29e>

00000d0a <printf>:
 d0a:	fdc10113          	addi	sp,sp,-36
 d0e:	c82e                	sw	a1,16(sp)
 d10:	ca32                	sw	a2,20(sp)
 d12:	85aa                	mv	a1,a0
 d14:	0810                	addi	a2,sp,16
 d16:	4501                	li	a0,0
 d18:	c606                	sw	ra,12(sp)
 d1a:	cc36                	sw	a3,24(sp)
 d1c:	ce3a                	sw	a4,28(sp)
 d1e:	d03e                	sw	a5,32(sp)
 d20:	c032                	sw	a2,0(sp)
 d22:	3959                	jal	9b8 <print>
 d24:	40b2                	lw	ra,12(sp)
 d26:	02410113          	addi	sp,sp,36
 d2a:	8082                	ret
 d2c:	74737953          	0x74737953
 d30:	6d65                	lui	s10,0x19
 d32:	3a6b6c43          	fmadd.d	fs8,fs6,ft6,ft7,unknown
 d36:	6425                	lui	s0,0x9
 d38:	0a0d                	addi	s4,s4,3
 d3a:	0000                	unimp
 d3c:	70696843          	fmadd.s	fa6,fs2,ft6,fa4,unknown
 d40:	4449                	li	s0,18
 d42:	253a                	lhu	a4,10(a0)
 d44:	3830                	lbu	a2,19(s0)
 d46:	0d78                	addi	a4,sp,668
 d48:	000a                	c.slli	zero,0x2
 d4a:	0000                	unimp
 d4c:	6e28                	flw	fa0,88(a2)
 d4e:	6c75                	lui	s8,0x1d
 d50:	296c                	lbu	a1,22(a0)
	...
